{"C:\\Users\\Verimizu\\Travailecole\\ecole\\Node\\node S1\\application-web\\store.js": {"path":"C:\\Users\\Verimizu\\Travailecole\\ecole\\Node\\node S1\\application-web\\store.js","statementMap":{"0":{"start":{"line":3,"column":17},"end":{"line":3,"column":52}},"1":{"start":{"line":4,"column":20},"end":{"line":4,"column":72}},"2":{"start":{"line":4,"column":28},"end":{"line":4,"column":72}},"3":{"start":{"line":5,"column":17},"end":{"line":8,"column":1}},"4":{"start":{"line":6,"column":17},"end":{"line":6,"column":53}},"5":{"start":{"line":7,"column":4},"end":{"line":7,"column":27}},"6":{"start":{"line":9,"column":15},"end":{"line":9,"column":23}},"7":{"start":{"line":10,"column":16},"end":{"line":13,"column":1}},"8":{"start":{"line":11,"column":17},"end":{"line":11,"column":33}},"9":{"start":{"line":12,"column":4},"end":{"line":12,"column":44}},"10":{"start":{"line":12,"column":29},"end":{"line":12,"column":43}},"11":{"start":{"line":14,"column":15},"end":{"line":20,"column":1}},"12":{"start":{"line":15,"column":17},"end":{"line":15,"column":33}},"13":{"start":{"line":16,"column":20},"end":{"line":16,"column":50}},"14":{"start":{"line":17,"column":4},"end":{"line":17,"column":76}},"15":{"start":{"line":18,"column":4},"end":{"line":18,"column":45}},"16":{"start":{"line":19,"column":4},"end":{"line":19,"column":19}},"17":{"start":{"line":22,"column":19},"end":{"line":31,"column":1}},"18":{"start":{"line":23,"column":17},"end":{"line":23,"column":33}},"19":{"start":{"line":24,"column":20},"end":{"line":29,"column":6}},"20":{"start":{"line":25,"column":8},"end":{"line":27,"column":9}},"21":{"start":{"line":26,"column":12},"end":{"line":26,"column":41}},"22":{"start":{"line":28,"column":8},"end":{"line":28,"column":23}},"23":{"start":{"line":30,"column":4},"end":{"line":30,"column":31}},"24":{"start":{"line":32,"column":19},"end":{"line":36,"column":1}},"25":{"start":{"line":33,"column":17},"end":{"line":33,"column":33}},"26":{"start":{"line":34,"column":4},"end":{"line":35,"column":6}},"27":{"start":{"line":34,"column":45},"end":{"line":34,"column":62}}},"fnMap":{"0":{"name":"(anonymous_0)","decl":{"start":{"line":4,"column":20},"end":{"line":4,"column":21}},"loc":{"start":{"line":4,"column":28},"end":{"line":4,"column":72}},"line":4},"1":{"name":"(anonymous_1)","decl":{"start":{"line":5,"column":17},"end":{"line":5,"column":18}},"loc":{"start":{"line":5,"column":29},"end":{"line":8,"column":1}},"line":5},"2":{"name":"(anonymous_2)","decl":{"start":{"line":10,"column":16},"end":{"line":10,"column":17}},"loc":{"start":{"line":10,"column":30},"end":{"line":13,"column":1}},"line":10},"3":{"name":"(anonymous_3)","decl":{"start":{"line":12,"column":21},"end":{"line":12,"column":22}},"loc":{"start":{"line":12,"column":29},"end":{"line":12,"column":43}},"line":12},"4":{"name":"(anonymous_4)","decl":{"start":{"line":14,"column":15},"end":{"line":14,"column":16}},"loc":{"start":{"line":14,"column":34},"end":{"line":20,"column":1}},"line":14},"5":{"name":"(anonymous_5)","decl":{"start":{"line":22,"column":19},"end":{"line":22,"column":20}},"loc":{"start":{"line":22,"column":42},"end":{"line":31,"column":1}},"line":22},"6":{"name":"(anonymous_6)","decl":{"start":{"line":24,"column":29},"end":{"line":24,"column":30}},"loc":{"start":{"line":24,"column":40},"end":{"line":29,"column":5}},"line":24},"7":{"name":"(anonymous_7)","decl":{"start":{"line":32,"column":19},"end":{"line":32,"column":20}},"loc":{"start":{"line":32,"column":31},"end":{"line":36,"column":1}},"line":32},"8":{"name":"(anonymous_8)","decl":{"start":{"line":34,"column":34},"end":{"line":34,"column":35}},"loc":{"start":{"line":34,"column":45},"end":{"line":34,"column":62}},"line":34}},"branchMap":{"0":{"loc":{"start":{"line":25,"column":8},"end":{"line":27,"column":9}},"type":"if","locations":[{"start":{"line":25,"column":8},"end":{"line":27,"column":9}},{"start":{},"end":{}}],"line":25}},"s":{"0":1,"1":1,"2":8,"3":1,"4":16,"5":16,"6":1,"7":1,"8":4,"9":4,"10":7,"11":1,"12":2,"13":2,"14":2,"15":2,"16":2,"17":1,"18":3,"19":3,"20":6,"21":2,"22":4,"23":3,"24":1,"25":3,"26":3,"27":6},"f":{"0":8,"1":16,"2":4,"3":7,"4":2,"5":3,"6":6,"7":3,"8":6},"b":{"0":[2,4]},"_coverageSchema":"1a1c01bbd47fc00a2c39e90264f33305004495a9","hash":"9d8558265b94d9d3c6b8e134edfad68eb472e26c"}
}
