TN:
SF:store.js
FN:4,(anonymous_0)
FN:5,(anonymous_1)
FN:10,(anonymous_2)
FN:12,(anonymous_3)
FN:14,(anonymous_4)
FN:22,(anonymous_5)
FN:24,(anonymous_6)
FN:32,(anonymous_7)
FN:34,(anonymous_8)
FNF:9
FNH:9
FNDA:8,(anonymous_0)
FNDA:16,(anonymous_1)
FNDA:4,(anonymous_2)
FNDA:7,(anonymous_3)
FNDA:2,(anonymous_4)
FNDA:3,(anonymous_5)
FNDA:6,(anonymous_6)
FNDA:3,(anonymous_7)
FNDA:6,(anonymous_8)
DA:3,1
DA:4,8
DA:5,1
DA:6,16
DA:7,16
DA:9,1
DA:10,1
DA:11,4
DA:12,7
DA:14,1
DA:15,2
DA:16,2
DA:17,2
DA:18,2
DA:19,2
DA:22,1
DA:23,3
DA:24,3
DA:25,6
DA:26,2
DA:28,4
DA:30,3
DA:32,1
DA:33,3
DA:34,6
LF:25
LH:25
BRDA:25,0,0,2
BRDA:25,0,1,4
BRF:2
BRH:2
end_of_record
